Vivado Simulator 2016.4
Copyright 1986-1999, 2001-2016 Xilinx, Inc. All Rights Reserved.
Running: C:/Xilinx/Vivado/2016.4/bin/unwrapped/win64.o/xelab.exe -wto 93be891396484d2d957b68996a45257d --debug typical --relax --mt 2 -L xil_defaultlib -L secureip --snapshot Alu_tb_behav xil_defaultlib.Alu_tb -log elaborate.log 
Using 2 slave threads.
Starting static elaboration
Completed static elaboration
Starting simulation data flow analysis
Completed simulation data flow analysis
Time Resolution for simulation is 1ps
Compiling package std.standard
Compiling package std.textio
Compiling package ieee.std_logic_1164
Compiling package ieee.std_logic_arith
Compiling package ieee.std_logic_unsigned
Compiling package ieee.numeric_std
Compiling package ieee.std_logic_signed
Compiling architecture behavioral of entity xil_defaultlib.full_adder [full_adder_default]
Compiling architecture behavioral of entity xil_defaultlib.Ripple_Carry_Adder [ripple_carry_adder_default]
Compiling architecture behavioral of entity xil_defaultlib.full_sub [full_sub_default]
Compiling architecture behavioral of entity xil_defaultlib.Substractor [substractor_default]
Compiling architecture behavioral of entity xil_defaultlib.Logic_Op [logic_op_default]
Compiling architecture behavioral of entity xil_defaultlib.Shift_Op [shift_op_default]
Compiling architecture behavioral of entity xil_defaultlib.Booth_Multiplier [booth_multiplier_default]
Compiling architecture behavioral of entity xil_defaultlib.Divider [divider_default]
Compiling architecture behavioral of entity xil_defaultlib.ALU [alu_default]
Compiling architecture behavioral of entity xil_defaultlib.alu_tb
Built simulation snapshot Alu_tb_behav
