Unable to capture context for thread 22652 in process 18252, can not generate back trace
Unable to capture context for thread 1800 in process 18252, can not generate back trace
Exception at PC 0x00007FFC5C62CF19
Unable to capture context for thread 20112 in process 18252, can not generate back trace
Unable to capture context for thread 23592 in process 18252, can not generate back trace
Exception at PC 0x00007FFC1341BB93
Printing stacktrace...

Unable to capture context for thread 23592 in process 18252, can not generate back trace
Exception at PC 0x00007FFC5C62CF19
Exception at PC 0x00007FFC5C62CF19
Exception at PC 0x00007FFC5C62CF19
Exception at PC 0x00007FFC5C62CF19
Exception at PC 0x00007FFC5C62CF19
Exception at PC 0x00007FFC5C62CF19
Exception at PC 0x00007FFC5C62CF19
Exception at PC 0x00007FFC5C62CF19
Exception at PC 0x00007FFC5C62CF19
Exception at PC 0x00007FFC5C62CF19
Exception at PC 0x00007FFC5C62CF19
[0]  [0x00007FFC1341BB93]
[1]  [0x00007FFC1341BB93]
[2]  [0x00007FFC1341B4A1]
[3]  [0x00007FFC1341B3EF]
[4]  [0x00007FFC134019FE]
[5]  [0x00007FFC13400ED1]
[6]  [0x00007FFC13400D76]
[7]  [0x00007FFC133A79F6]
[8]  [0x00007FFC13397AFB]
[9]  [0x00007FFC134BE90A]
[10]  [0x00007FFC134D9F87]
[11]  [0x00007FFC134DA05F]
[12] (BaseThreadInitThunk+0x14) [0x00007FFC5E107344]
[13] (RtlUserThreadStart+0x21) [0x00007FFC5EF826B1]
Done
Exception at PC 0x00007FFC5C62CF19
Exception at PC 0x00007FFC5C62CF19
Exception at PC 0x00007FFC5C62CF19
Exception at PC 0x00007FFC5C62CF19
Exception at PC 0x00007FFC5C62CF19
Exception at PC 0x00007FFC5C62CF19
